[debug] [2021-03-02T17:46:22.420Z] ----------------------------------------------------------------------
[debug] [2021-03-02T17:46:22.422Z] Command:       /usr/local/bin/node /usr/local/bin/firebase init
[debug] [2021-03-02T17:46:22.423Z] CLI Version:   9.5.0
[debug] [2021-03-02T17:46:22.423Z] Platform:      darwin
[debug] [2021-03-02T17:46:22.423Z] Node Version:  v14.15.4
[debug] [2021-03-02T17:46:22.424Z] Time:          Tue Mar 02 2021 09:46:22 GMT-0800 (Pacific Standard Time)
[debug] [2021-03-02T17:46:22.424Z] ----------------------------------------------------------------------
[debug] [2021-03-02T17:46:22.424Z] 
[debug] [2021-03-02T17:46:22.427Z] > command requires scopes: ["email","openid","https://www.googleapis.com/auth/cloudplatformprojects.readonly","https://www.googleapis.com/auth/firebase","https://www.googleapis.com/auth/cloud-platform"]
[debug] [2021-03-02T17:46:22.428Z] > authorizing via signed-in user
[info] 
     ######## #### ########  ######## ########     ###     ######  ########
     ##        ##  ##     ## ##       ##     ##  ##   ##  ##       ##
     ######    ##  ########  ######   ########  #########  ######  ######
     ##        ##  ##    ##  ##       ##     ## ##     ##       ## ##
     ##       #### ##     ## ######## ########  ##     ##  ######  ########

You're about to initialize a Firebase project in this directory:

  /Users/atorenherrinton/Development/recipeas

Before we get started, keep in mind:

  * You are initializing in an existing Firebase project directory

[info] 
=== Project Setup
[info] 
[info] First, let's associate this project directory with a Firebase project.
[info] You can create multiple project aliases by running firebase use --add, 
[info] but for now we'll just set up a default project.
[info] 
[info] i  .firebaserc already has a default project, using recipeas-89ec5. 
[debug] [2021-03-02T17:46:40.941Z] > refreshing access token with scopes: []
[debug] [2021-03-02T17:46:40.941Z] >>> HTTP REQUEST POST https://www.googleapis.com/oauth2/v3/token  
 <request body omitted>
[debug] [2021-03-02T17:46:41.124Z] <<< HTTP RESPONSE 200 {"expires":"Mon, 01 Jan 1990 00:00:00 GMT","cache-control":"no-cache, no-store, max-age=0, must-revalidate","date":"Tue, 02 Mar 2021 17:46:41 GMT","pragma":"no-cache","content-type":"application/json; charset=utf-8","vary":"X-Origin, Referer, Origin,Accept-Encoding","server":"scaffolding on HTTPServer2","x-xss-protection":"0","x-frame-options":"SAMEORIGIN","x-content-type-options":"nosniff","alt-svc":"h3-29=\":443\"; ma=2592000,h3-T051=\":443\"; ma=2592000,h3-Q050=\":443\"; ma=2592000,h3-Q046=\":443\"; ma=2592000,h3-Q043=\":443\"; ma=2592000,quic=\":443\"; ma=2592000; v=\"46,43\"","accept-ranges":"none","transfer-encoding":"chunked"}
[debug] [2021-03-02T17:46:41.154Z] >>> [apiv2][query] GET https://firebase.googleapis.com/v1beta1/projects/recipeas-89ec5 [none]
[debug] [2021-03-02T17:46:41.429Z] <<< [apiv2][status] GET https://firebase.googleapis.com/v1beta1/projects/recipeas-89ec5 200
[debug] [2021-03-02T17:46:41.429Z] <<< [apiv2][body] GET https://firebase.googleapis.com/v1beta1/projects/recipeas-89ec5 {"projectId":"recipeas-89ec5","projectNumber":"202902121548","displayName":"recipeas","name":"projects/recipeas-89ec5","resources":{"hostingSite":"recipeas-89ec5","realtimeDatabaseInstance":"recipeas-89ec5-default-rtdb"},"state":"ACTIVE"}
[info] 
=== Hosting Setup
[info] 
[info] Your public directory is the folder (relative to your project directory) that
[info] will contain Hosting assets to be uploaded with firebase deploy. If you
[info] have a build process for your assets, use your build's output directory.
[info] 
